<?xml version="1.0" encoding="UTF-8"?>
<testsuites>
  <testsuite name="User Login" timestamp="2021-11-22T10:19:35" time="199.593" tests="2" failures="1" errors="1" skipped="0">
    <properties>
      <property name="specId" value="0"/>
      <property name="featureName" value="User Login"/>
      <property name="capabilities" value="sbxdu19802009527.android.9.gaminghub-release%20%281%29-b623f870-4b6a-11ec-900b-b9985812c756_apk"/>
      <property name="featureFile" value=".\features\user-login.feature"/>
    </properties>
    <testcase classname="CucumberJUnitReport-sbxdu19802009527.android.9.gaminghub-release%20%281%29-b623f870-4b6a-11ec-900b-b9985812c756_apk.User Login" name="Login with Email and Password" time="101.145">
      <failure message="Error: Can't call clearValue on element with selector &quot;//*[@resource-id=&quot;gigya-loginID-75579930407612940&quot;]&quot; because element wasn't found"><![CDATA[Error: Can't call clearValue on element with selector "//*[@resource-id="gigya-loginID-75579930407612940"]" because element wasn't found
    at implicitWait (D:\Project\UEFA\mobile\gaminghub-automated-tests\gaming-hub-app\node_modules\webdriverio\build\utils\implicitWait.js:34:19)
    at Element.elementErrorHandlerCallbackFn (D:\Project\UEFA\mobile\gaminghub-automated-tests\gaming-hub-app\node_modules\webdriverio\build\middlewares.js:20:29)
    at Element.runCommandWithHooks (D:\Project\UEFA\mobile\gaminghub-automated-tests\gaming-hub-app\node_modules\@wdio\sync\build\wrapCommand.js:105:25)
    at Element.runCommandWithHooks (D:\Project\UEFA\mobile\gaminghub-automated-tests\gaming-hub-app\node_modules\@wdio\sync\build\wrapCommand.js:100:24)
    at Element.wrapCommandFn (D:\Project\UEFA\mobile\gaminghub-automated-tests\gaming-hub-app\node_modules\@wdio\sync\build\wrapCommand.js:67:44)
    at Element.<anonymous> (D:\Project\UEFA\mobile\gaminghub-automated-tests\gaming-hub-app\node_modules\@wdio\utils\build\shim.js:270:24)
    at Element.clearValue (D:\Project\UEFA\mobile\gaminghub-automated-tests\gaming-hub-app\node_modules\webdriverio\build\middlewares.js:48:12)
    at Function.clearText (D:\Project\UEFA\mobile\gaminghub-automated-tests\gaming-hub-app\src\helpers\/actionHelpers.js:94:20)
    at uefaAppPage.enterEmail (D:\Project\UEFA\mobile\gaminghub-automated-tests\gaming-hub-app\src\pages\/uefaApp.page.js:759:30)
    at World.<anonymous> (D:\Project\UEFA\mobile\gaminghub-automated-tests\gaming-hub-app\features\step_definitions\/when.steps.js:10:17)
    at World.executeSync (D:\Project\UEFA\mobile\gaminghub-automated-tests\gaming-hub-app\node_modules\@wdio\sync\build\index.js:38:22)
    at D:\Project\UEFA\mobile\gaminghub-automated-tests\gaming-hub-app\node_modules\@wdio\sync\build\index.js:69:73]]></failure>
      <error message="Error: Can't call clearValue on element with selector &quot;//*[@resource-id=&quot;gigya-loginID-75579930407612940&quot;]&quot; because element wasn't found"/>
      <system-out><![CDATA[
✅ Given I am Anonymous
✅ Given I launch the app✅ And I click 'Main menu icon' button✅ When I click 'Log in' button✅ Then I expect to see 'Log In' screen❗ When I enter "kobiton1@mailinator.com" as an Email⚠️ And I enter "Test123456!" as a Password
⚠️ And I click 'Submit' button
⚠️ Then I expect to see 'Home page' screen
⚠️ When I click 'Main menu icon' button
⚠️ Then I expect to see my Username
⚠️ And should be logged in the system

]]></system-out>
      <system-err><![CDATA[
Error: Can't call clearValue on element with selector "//*[@resource-id="gigya-loginID-75579930407612940"]" because element wasn't found
    at implicitWait (D:\Project\UEFA\mobile\gaminghub-automated-tests\gaming-hub-app\node_modules\webdriverio\build\utils\implicitWait.js:34:19)
    at Element.elementErrorHandlerCallbackFn (D:\Project\UEFA\mobile\gaminghub-automated-tests\gaming-hub-app\node_modules\webdriverio\build\middlewares.js:20:29)
    at Element.runCommandWithHooks (D:\Project\UEFA\mobile\gaminghub-automated-tests\gaming-hub-app\node_modules\@wdio\sync\build\wrapCommand.js:105:25)
    at Element.runCommandWithHooks (D:\Project\UEFA\mobile\gaminghub-automated-tests\gaming-hub-app\node_modules\@wdio\sync\build\wrapCommand.js:100:24)
    at Element.wrapCommandFn (D:\Project\UEFA\mobile\gaminghub-automated-tests\gaming-hub-app\node_modules\@wdio\sync\build\wrapCommand.js:67:44)
    at Element.<anonymous> (D:\Project\UEFA\mobile\gaminghub-automated-tests\gaming-hub-app\node_modules\@wdio\utils\build\shim.js:270:24)
    at Element.clearValue (D:\Project\UEFA\mobile\gaminghub-automated-tests\gaming-hub-app\node_modules\webdriverio\build\middlewares.js:48:12)
    at Function.clearText (D:\Project\UEFA\mobile\gaminghub-automated-tests\gaming-hub-app\src\helpers\/actionHelpers.js:94:20)
    at uefaAppPage.enterEmail (D:\Project\UEFA\mobile\gaminghub-automated-tests\gaming-hub-app\src\pages\/uefaApp.page.js:759:30)
    at World.<anonymous> (D:\Project\UEFA\mobile\gaminghub-automated-tests\gaming-hub-app\features\step_definitions\/when.steps.js:10:17)
    at World.executeSync (D:\Project\UEFA\mobile\gaminghub-automated-tests\gaming-hub-app\node_modules\@wdio\sync\build\index.js:38:22)
    at D:\Project\UEFA\mobile\gaminghub-automated-tests\gaming-hub-app\node_modules\@wdio\sync\build\index.js:69:73
]]></system-err>
    </testcase>
    <testcase classname="CucumberJUnitReport-sbxdu19802009527.android.9.gaminghub-release%20%281%29-b623f870-4b6a-11ec-900b-b9985812c756_apk.User Login" name="Login with Email and Password" time="98.409">
      <system-out><![CDATA[
✅ Given I am Anonymous
✅ Given I launch the app✅ And I click 'Main menu icon' button✅ When I click 'Log in' button✅ Then I expect to see 'Log In' screen✅ When I enter "kobiton2@mailinator.com" as an Email✅ And I enter "Test123456!" as a Password✅ And I click 'Submit' button✅ Then I expect to see 'Home page' screen✅ When I click 'Main menu icon' button✅ Then I expect to see my Username✅ And should be logged in the system
]]></system-out>
    </testcase>
  </testsuite>
</testsuites>